<?xml version="1.0" encoding="UTF-8"?>
<testsuite name="com.kodilla.testing.forum.statistics.StatisticsTestSuite" tests="7" skipped="0" failures="0" errors="0" timestamp="2018-11-27T19:12:02" hostname="monika-SVF1521J2EW" time="0.022">
  <properties/>
  <testcase name="testHundredUserCount" classname="com.kodilla.testing.forum.statistics.StatisticsTestSuite" time="0.016"/>
  <testcase name="testZeroUserCount" classname="com.kodilla.testing.forum.statistics.StatisticsTestSuite" time="0.0"/>
  <testcase name="testZeroCommentCount" classname="com.kodilla.testing.forum.statistics.StatisticsTestSuite" time="0.0"/>
  <testcase name="testMorePostsThanComments" classname="com.kodilla.testing.forum.statistics.StatisticsTestSuite" time="0.0"/>
  <testcase name="testThousandPostCount" classname="com.kodilla.testing.forum.statistics.StatisticsTestSuite" time="0.0"/>
  <testcase name="testZeroPostCount" classname="com.kodilla.testing.forum.statistics.StatisticsTestSuite" time="0.0"/>
  <testcase name="testLessPostsThanComments" classname="com.kodilla.testing.forum.statistics.StatisticsTestSuite" time="0.0"/>
  <system-out><![CDATA[]]></system-out>
  <system-err><![CDATA[]]></system-err>
</testsuite>
