<?xml version="1.0" encoding="UTF-8"?>
<testsuite name="com.kodilla.testing.weather.stub.WeatherForecastTestSuite" tests="1" skipped="0" failures="0" errors="0" timestamp="2018-11-27T19:12:02" hostname="monika-SVF1521J2EW" time="0.001">
  <properties/>
  <testcase name="testCalculateForecastWithStub" classname="com.kodilla.testing.weather.stub.WeatherForecastTestSuite" time="0.001"/>
  <system-out><![CDATA[]]></system-out>
  <system-err><![CDATA[]]></system-err>
</testsuite>
