<?xml version="1.0" encoding="UTF-8"?>
<testsuite name="com.kodilla.testing.library.BooksInHandsTestSuite" tests="3" skipped="0" failures="0" errors="0" timestamp="2018-11-27T19:12:02" hostname="monika-SVF1521J2EW" time="0.005">
  <properties/>
  <testcase name="testUserWithFiveBooks" classname="com.kodilla.testing.library.BooksInHandsTestSuite" time="0.002"/>
  <testcase name="testUserWithNoBooks" classname="com.kodilla.testing.library.BooksInHandsTestSuite" time="0.001"/>
  <testcase name="testUserWithOneBook" classname="com.kodilla.testing.library.BooksInHandsTestSuite" time="0.001"/>
  <system-out><![CDATA[]]></system-out>
  <system-err><![CDATA[]]></system-err>
</testsuite>
