<?xml version="1.0" encoding="UTF-8"?>
<testsuite name="com.kodilla.testing.weather.mock.WeatherForecastTestSuite" tests="1" skipped="0" failures="0" errors="0" timestamp="2018-11-27T19:12:02" hostname="monika-SVF1521J2EW" time="0.009">
  <properties/>
  <testcase name="testCalculateForecastWithMock" classname="com.kodilla.testing.weather.mock.WeatherForecastTestSuite" time="0.009"/>
  <system-out><![CDATA[]]></system-out>
  <system-err><![CDATA[]]></system-err>
</testsuite>
