<?xml version="1.0" encoding="UTF-8"?>
<testsuite name="com.kodilla.patterns.builder.bigmac.BigmacTestSuite" tests="1" skipped="0" failures="0" errors="0" timestamp="2018-11-27T19:11:57" hostname="monika-SVF1521J2EW" time="0.003">
  <properties/>
  <testcase name="testBigmacBuilder" classname="com.kodilla.patterns.builder.bigmac.BigmacTestSuite" time="0.003"/>
  <system-out><![CDATA[]]></system-out>
  <system-err><![CDATA[]]></system-err>
</testsuite>
